<?xml version="1.0" encoding="UTF-8"?>
<testng-results ignored="0" total="1" passed="1" failed="0" skipped="0">
  <reporter-output>
  </reporter-output>
  <suite started-at="2025-05-19T14:51:54 EEST" name="Surefire suite" finished-at="2025-05-19T14:52:18 EEST" duration-ms="24156">
    <groups>
    </groups>
    <test started-at="2025-05-19T14:51:54 EEST" name="Surefire test" finished-at="2025-05-19T14:52:18 EEST" duration-ms="24156">
      <class name="com.task.itida.test.AmazonTest">
        <test-method is-config="true" signature="setUp()[pri:0, instance:com.task.itida.test.AmazonTest@2473d930]" started-at="2025-05-19T14:51:54 EEST" name="setUp" finished-at="2025-05-19T14:51:55 EEST" duration-ms="1531" status="PASS">
          <reporter-output>
          </reporter-output>
        </test-method> <!-- setUp -->
        <test-method signature="testAddiPadToCart()[pri:0, instance:com.task.itida.test.AmazonTest@2473d930]" started-at="2025-05-19T14:51:55 EEST" name="testAddiPadToCart" finished-at="2025-05-19T14:52:18 EEST" duration-ms="22429" status="PASS">
          <reporter-output>
          </reporter-output>
        </test-method> <!-- testAddiPadToCart -->
        <test-method is-config="true" signature="tearDown()[pri:0, instance:com.task.itida.test.AmazonTest@2473d930]" started-at="2025-05-19T14:52:18 EEST" name="tearDown" finished-at="2025-05-19T14:52:18 EEST" duration-ms="173" status="PASS">
          <reporter-output>
          </reporter-output>
        </test-method> <!-- tearDown -->
      </class> <!-- com.task.itida.test.AmazonTest -->
    </test> <!-- Surefire test -->
  </suite> <!-- Surefire suite -->
</testng-results>
