<?xml version="1.0" encoding="UTF-8"?>
<testng-results ignored="0" total="1" passed="1" failed="0" skipped="0">
  <reporter-output>
  </reporter-output>
  <suite started-at="2025-05-19T14:38:47 EEST" name="Surefire suite" finished-at="2025-05-19T14:39:11 EEST" duration-ms="24386">
    <groups>
    </groups>
    <test started-at="2025-05-19T14:38:47 EEST" name="Surefire test" finished-at="2025-05-19T14:39:11 EEST" duration-ms="24386">
      <class name="com.task.itida.test.AmazonTest">
        <test-method is-config="true" signature="setUp()[pri:0, instance:com.task.itida.test.AmazonTest@35047d03]" started-at="2025-05-19T14:38:47 EEST" name="setUp" finished-at="2025-05-19T14:38:48 EEST" duration-ms="1103" status="PASS">
          <reporter-output>
          </reporter-output>
        </test-method> <!-- setUp -->
        <test-method signature="testAddiPadToCart()[pri:0, instance:com.task.itida.test.AmazonTest@35047d03]" started-at="2025-05-19T14:38:48 EEST" name="testAddiPadToCart" finished-at="2025-05-19T14:39:11 EEST" duration-ms="23074" status="PASS">
          <reporter-output>
          </reporter-output>
        </test-method> <!-- testAddiPadToCart -->
        <test-method is-config="true" signature="tearDown()[pri:0, instance:com.task.itida.test.AmazonTest@35047d03]" started-at="2025-05-19T14:39:11 EEST" name="tearDown" finished-at="2025-05-19T14:39:11 EEST" duration-ms="184" status="PASS">
          <reporter-output>
          </reporter-output>
        </test-method> <!-- tearDown -->
      </class> <!-- com.task.itida.test.AmazonTest -->
    </test> <!-- Surefire test -->
  </suite> <!-- Surefire suite -->
</testng-results>
